<?xml version="1.0" encoding="UTF-8"?>
<!-- Generated by org.testng.reporters.JUnitReportReporter -->
<testsuite skipped="0" hostname="Admin-PC" name="com.testcases.EditBillinAddressPageTest" tests="3" failures="0" timestamp="21 May 2019 13:52:13 GMT" time="268.965" errors="0">
  <testcase name="verifygetEditBillingAddressPageURL" time="89.424" classname="com.testcases.EditBillinAddressPageTest"/>
  <testcase name="verifyeditAddressInfo" time="63.955" classname="com.testcases.EditBillinAddressPageTest"/>
  <testcase name="verifyeditAddressInfo" time="115.586" classname="com.testcases.EditBillinAddressPageTest"/>
</testsuite> <!-- com.testcases.EditBillinAddressPageTest -->
