<?xml version="1.0" encoding="UTF-8"?>
<!-- Generated by org.testng.reporters.JUnitReportReporter -->
<testsuite skipped="0" hostname="Admin-PC" name="com.testcases.DashboardPageTest" tests="2" failures="0" timestamp="21 May 2019 13:52:13 GMT" time="164.885" errors="0">
  <testcase name="verifygetDashboardCurrentURL" time="100.023" classname="com.testcases.DashboardPageTest"/>
  <testcase name="verifyclickOnEditAddressLink" time="64.862" classname="com.testcases.DashboardPageTest"/>
</testsuite> <!-- com.testcases.DashboardPageTest -->
