<?xml version="1.0" encoding="UTF-8"?>
<!-- Generated by org.testng.reporters.JUnitReportReporter -->
<testsuite skipped="0" hostname="Admin-PC" name="com.testcases.SliderPageTest" tests="2" failures="0" timestamp="21 May 2019 13:52:13 GMT" time="104.928" errors="0">
  <testcase name="verifySliderPageTitle" time="20.345" classname="com.testcases.SliderPageTest"/>
  <testcase name="verifyClickMyAccountLink" time="84.583" classname="com.testcases.SliderPageTest"/>
</testsuite> <!-- com.testcases.SliderPageTest -->
